2025-01-16 18:53:53,481 - __main__.py - ERROR: Unable to parse 'process-table' as a query; check for syntax errors Function: on_click in __main__.py
2025-01-16 18:53:59,530 - __main__.py - ERROR: Unable to parse 'process-table' as a query; check for syntax errors Function: on_click in __main__.py
2025-01-16 18:54:01,448 - __main__.py - ERROR: Unable to parse 'process-table' as a query; check for syntax errors Function: on_click in __main__.py
2025-01-16 18:54:20,345 - __main__.py - ERROR: Unable to parse 'process-table' as a query; check for syntax errors Function: on_click in __main__.py
2025-01-16 18:54:36,766 - __main__.py - ERROR: Unable to parse 'process-table' as a query; check for syntax errors Function: on_click in __main__.py
2025-01-16 18:54:43,924 - __main__.py - ERROR: Unable to parse 'process-table' as a query; check for syntax errors Function: on_click in __main__.py
2025-01-16 18:55:08,872 - __main__.py - ERROR: Unable to parse 'process-table' as a query; check for syntax errors Function: on_click in __main__.py
2025-01-16 18:55:12,023 - __main__.py - ERROR: Unable to parse 'process-table' as a query; check for syntax errors Function: on_click in __main__.py
2025-01-16 18:55:46,141 - __main__.py - ERROR: Unable to parse 'process-table' as a query; check for syntax errors Function: on_click in __main__.py
2025-01-16 18:55:54,658 - __main__.py - ERROR: Unable to parse 'process-table' as a query; check for syntax errors Function: on_click in __main__.py
2025-01-16 18:56:00,497 - __main__.py - ERROR: Unable to parse 'process-table' as a query; check for syntax errors Function: on_click in __main__.py
2025-01-16 18:56:08,776 - __main__.py - ERROR: Unable to parse 'process-table' as a query; check for syntax errors Function: on_click in __main__.py
2025-01-16 18:56:17,718 - __main__.py - ERROR: Unable to parse 'process_table' as a query; check for syntax errors Function: on_click in __main__.py
2025-01-16 18:56:34,065 - __main__.py - ERROR: Unable to parse 'process_table' as a query; check for syntax errors Function: on_click in __main__.py
2025-01-16 23:04:29,293 - __main__.py - ERROR: 'System' object has no attribute 'HomeDir' Function: execute_command in __main__.py
2025-01-16 23:04:31,520 - __main__.py - ERROR: 'System' object has no attribute 'HomeDir' Function: execute_command in __main__.py
2025-01-16 23:04:33,414 - __main__.py - ERROR: 'System' object has no attribute 'HomeDir' Function: execute_command in __main__.py
2025-01-17 11:06:14,615 - file.py - ERROR: 'str' object has no attribute 'exists' Function: Create_Folder
2025-01-17 11:32:15,395 - __main__.py - ERROR: 'str' object has no attribute 'exists' Function: execute_command in __main__.py
2025-01-17 11:51:29,860 - __main__.py - ERROR: Unable to get render width for None; a str, Segment, or object with __rich_console__ method is required Function: execute_command in __main__.py
2025-01-17 11:54:29,511 - file.py - ERROR: [Errno 2] No such file or directory: 'large' Function: Copy_File
2025-01-18 10:30:27,029 - file.py - ERROR: [Errno 16] Device or resource busy: '.' -> 'bst.c' Function: Rename_file
2025-01-18 10:36:10,857 - __main__.py - ERROR: Unable to get render width for None; a str, Segment, or object with __rich_console__ method is required Function: execute_command in __main__.py
2025-01-18 10:43:38,936 - __main__.py - ERROR: Unable to get render width for None; a str, Segment, or object with __rich_console__ method is required Function: execute_command in __main__.py
2025-01-18 11:00:49,595 - __main__.py - ERROR: System.Processes() takes 0 positional arguments but 1 was given Function: execute_command in __main__.py
2025-01-18 11:08:18,653 - file.py - ERROR: [Errno 2] No such file or directory: 'large' Function: Copy_File
